<?xml version="1.0" encoding="UTF-8"?>
<!-- Generated by org.testng.reporters.JUnitXMLReporter -->
<testsuite ignored="0" hostname="akilan-18633-GF" failures="1" tests="3" name="Test" time="12.913" errors="0" timestamp="2024-03-19T11:24:13 IST">
  <testcase classname="APITestAutomation.BaseTest" name="getName" time="0.011"/>
  <testcase classname="APITestAutomation.BaseTest" name="getTest" time="0.002"/>
  <testcase classname="APITestAutomation.BaseTest" name="getTestFailed" time="0.014">
    <failure type="java.lang.AssertionError" message="expected [true] but found [false]">
      <![CDATA[java.lang.AssertionError: expected [true] but found [false]
at APITestAutomation.BaseTest.getTestFailed(BaseTest.java:43)
at java.base/java.util.ArrayList.forEach(ArrayList.java:1511)
... Removed 31 stack frames]]>
    </failure>
  </testcase> <!-- getTestFailed -->
</testsuite> <!-- Test -->
